================================================
Job ID: 16027965
Node: gpua017
GPU: 0
Start Time: Thu Feb 19 16:59:18 CST 2026
Dataset: Beauty
================================================
torch: 2.8.0+cu128
transformers: 4.56.1
sklearn: 1.7.2
numpy: 2.2.6
cuda_available: True
{'seed': 2023, 'model_dir': '../model', 'checkpoint_dir': '../checkpoint', 'model_name': 'model.pt', 'log_dir': '../log', 'distributed': 1, 'gpu': '0', 'master_addr': 'localhost', 'master_port': '12345', 'logging_level': 20, 'id_epochs': 10, 'rec_epochs': 10, 'id_batch_size': 4, 'rec_batch_size': 64, 'rec_model_path': None, 'id_model_path': None, 'id_lr': 0.001, 'rec_lr': 1e-05, 'alt_style': 'id_first', 'test_epoch_id': 1, 'test_epoch_rec': 5, 'rounds': 3, 'data_path': '/u/hchen42/Semantic_ID/RecData', 'item_indexing': 'sequential', 'tasks': 'sequential', 'datasets': 'Beauty', 'prompt_file': '/u/hchen42/IDGenRec/prompt.txt', 'sequential_order': 'original', 'collaborative_token_size': 200, 'collaborative_cluster': 20, 'collaborative_last_token': 'sequential', 'collaborative_float32': 0, 'max_his': -1, 'his_prefix': 1, 'his_sep': ' ; ', 'skip_empty_his': 1, 'valid_prompt': 'seen:0', 'valid_prompt_sample': 1, 'valid_sample_num': '3,3', 'test_prompt': 'seen:0', 'sample_prompt': 0, 'sample_num': '2,2,2', 'data_format': 'recdata', 'topk': '1,5,10,20,100', 'recdata_output_dir': '/u/hchen42/IDGenRec/results', 'only_item_id': False, 'batch_size': 32, 'eval_batch_size': 32, 'dist_sampler': 0, 'optim': 'AdamW', 'epochs': 10, 'lr': 0.001, 'clip': 1, 'logging_step': 100, 'warmup_prop': 0.05, 'gradient_accumulation_steps': 1, 'weight_decay': 0.01, 'adam_eps': 1e-06, 'dropout': 0.1, 'alpha': 2, 'train': 0, 'backbone': 't5-small', 'metrics': 'hit@5,hit@10,ndcg@5,ndcg@10', 'load': 0, 'random_initialize': 1, 'test_epoch': 1, 'valid_select': 0, 'test_before_train': 0, 'test_filtered': 0, 'test_filtered_batch': 1, 'world_size': 1, 'rank': 0, 'log_name': '1_0_1_1_-1_12345_Beauty_sequential_t5-small_sequential_0.001_10_32_2,2,2_prompt', 'model_path': '../model/Beauty_id_10_rec_10_20260219_165935'}
Use t5-small backbone model
Testing RecData Beauty on task sequential
@1: Precision=0.825202, Recall=0.825202, MRR=0.825202, MAP=0.825202, NDCG=0.825202
@5: Precision=0.186281, Recall=0.931405, MRR=0.869291, MAP=0.869291, NDCG=0.885018
@10: Precision=0.094911, Recall=0.949112, MRR=0.871732, MAP=0.871732, NDCG=0.890824
@20: Precision=0.048249, Recall=0.964987, MRR=0.872869, MAP=0.872869, NDCG=0.894881
@100: Precision=0.010000, Recall=1.000000, MRR=0.873718, MAP=0.873718, NDCG=0.901281
================================================
IDGenRec RecData Beauty finished at: Thu Feb 19 17:22:46 CST 2026
================================================
