================================================
Job ID: 15836286
Start Time: Thu Feb 12 08:59:12 CST 2026
Datasets: Sports_and_Outdoors Toys_and_Games Yelp
================================================
------------------------------------------------
Running: Sports_and_Outdoors at Thu Feb 12 08:59:12 CST 2026
------------------------------------------------
start to construct
get into cluster training process
start to cluster
Train iteration done, pcode:0, data size: 65536, elapsed time: 35.69330358505249
start to process mini-batch parallel.....................................
Minbatch, batch size: 256, elapsed: 0.0004978179931640625
Minbatch, batch size: 256, elapsed: 0.00048732757568359375
Minbatch, batch size: 256, elapsed: 0.00048470497131347656Minbatch, batch size: 256, elapsed: 0.0004992485046386719

Minbatch, batch size: 256, elapsed: 0.00048661231994628906
Minbatch, batch size: 256, elapsed: 0.00048089027404785156
Minbatch, batch size: 256, elapsed: 0.0004982948303222656
Minbatch, batch size: 256, elapsed: 0.00047969818115234375
Minbatch, batch size: 256, elapsed: 0.00047659873962402344
Minbatch, batch size: 256, elapsed: 0.00046944618225097656
Minbatch, batch size: 256, elapsed: 0.00047898292541503906
Minbatch, batch size: 256, elapsed: 0.00047469139099121094
Minbatch, batch size: 256, elapsed: 0.0004878044128417969
Minbatch, batch size: 256, elapsed: 0.000492095947265625
Minbatch, batch size: 256, elapsed: 0.0004680156707763672
Minbatch, batch size: 256, elapsed: 0.00047469139099121094
Minbatch, batch size: 256, elapsed: 0.0004889965057373047
Minbatch, batch size: 256, elapsed: 0.0004792213439941406
Minbatch, batch size: 256, elapsed: 0.0004811286926269531
Minbatch, batch size: 256, elapsed: 0.0004711151123046875
Minbatch, batch size: 256, elapsed: 0.0004839897155761719
Minbatch, batch size: 256, elapsed: 0.0004677772521972656
Minbatch, batch size: 256, elapsed: 0.0004813671112060547
Minbatch, batch size: 256, elapsed: 0.00047278404235839844
Minbatch, batch size: 256, elapsed: 0.0004870891571044922
Minbatch, batch size: 256, elapsed: 0.0004737377166748047
Minbatch, batch size: 256, elapsed: 0.00047969818115234375
Minbatch, batch size: 256, elapsed: 0.0004775524139404297
Minbatch, batch size: 256, elapsed: 0.0004837512969970703
Minbatch, batch size: 256, elapsed: 0.0004744529724121094
Minbatch, batch size: 256, elapsed: 0.00047469139099121094
Minbatch, batch size: 256, elapsed: 0.00048089027404785156
Minbatch, batch size: 256, elapsed: 0.0004870891571044922
Minbatch, batch size: 256, elapsed: 0.0004787445068359375
Minbatch, batch size: 256, elapsed: 0.0004801750183105469
Minbatch, batch size: 256, elapsed: 0.00046896934509277344
Minbatch, batch size: 256, elapsed: 0.0004940032958984375
Minbatch, batch size: 256, elapsed: 0.0004813671112060547
Minbatch, batch size: 256, elapsed: 0.0004813671112060547
Minbatch, batch size: 256, elapsed: 0.0004642009735107422
Minbatch, batch size: 256, elapsed: 0.0004928112030029297
Minbatch, batch size: 256, elapsed: 0.0005371570587158203
Minbatch, batch size: 256, elapsed: 0.00048732757568359375
Minbatch, batch size: 256, elapsed: 0.0005481243133544922
Minbatch, batch size: 256, elapsed: 0.00048422813415527344
Minbatch, batch size: 256, elapsed: 0.0005109310150146484
Minbatch, batch size: 256, elapsed: 0.0004839897155761719
Minbatch, batch size: 256, elapsed: 0.0005245208740234375
Minbatch, batch size: 256, elapsed: 0.00048160552978515625
Minbatch, batch size: 256, elapsed: 0.00043964385986328125
Minbatch, batch size: 256, elapsed: 0.00047206878662109375
Minbatch, batch size: 256, elapsed: 0.0004439353942871094
Minbatch, batch size: 256, elapsed: 0.0004787445068359375
Minbatch, batch size: 256, elapsed: 0.0004322528839111328
Minbatch, batch size: 256, elapsed: 0.0004680156707763672
Minbatch, batch size: 256, elapsed: 0.000438690185546875
Minbatch, batch size: 256, elapsed: 0.00048613548278808594
Minbatch, batch size: 256, elapsed: 0.0004448890686035156
Minbatch, batch size: 256, elapsed: 0.0004773139953613281
Minbatch, batch size: 256, elapsed: 0.0005097389221191406
Minbatch, batch size: 256, elapsed: 0.00048065185546875
Minbatch, batch size: 256, elapsed: 0.0004353523254394531
Minbatch, batch size: 256, elapsed: 0.00046825408935546875
Minbatch, batch size: 256, elapsed: 0.00049591064453125
Minbatch, batch size: 256, elapsed: 0.0004718303680419922
Minbatch, batch size: 256, elapsed: 0.0004429817199707031
Minbatch, batch size: 256, elapsed: 0.00046324729919433594
Minbatch, batch size: 256, elapsed: 0.0005345344543457031
Minbatch, batch size: 256, elapsed: 0.0004661083221435547
Minbatch, batch size: 256, elapsed: 0.00043964385986328125
Minbatch, batch size: 256, elapsed: 0.0004520416259765625
Minbatch, batch size: 256, elapsed: 0.0005161762237548828
Minbatch, batch size: 256, elapsed: 0.0004911422729492188
Minbatch, batch size: 256, elapsed: 0.0004413127899169922
Minbatch, batch size: 256, elapsed: 0.0004456043243408203
Minbatch, batch size: 256, elapsed: 0.00044536590576171875
Minbatch, batch size: 256, elapsed: 0.00047659873962402344
Minbatch, batch size: 256, elapsed: 0.0004336833953857422
Minbatch, batch size: 256, elapsed: 0.0004379749298095703
Minbatch, batch size: 256, elapsed: 0.0004317760467529297
Minbatch, batch size: 256, elapsed: 0.000476837158203125
Minbatch, batch size: 256, elapsed: 0.00044536590576171875
Minbatch, batch size: 256, elapsed: 0.0004391670227050781
Minbatch, batch size: 256, elapsed: 0.0004382133483886719
Minbatch, batch size: 256, elapsed: 0.0004794597625732422
Minbatch, batch size: 256, elapsed: 0.00043272972106933594
Minbatch, batch size: 256, elapsed: 0.0004363059997558594
Minbatch, batch size: 256, elapsed: 0.00042748451232910156
Minbatch, batch size: 256, elapsed: 0.0004885196685791016
Minbatch, batch size: 256, elapsed: 0.0004394054412841797
Minbatch, batch size: 256, elapsed: 0.0004496574401855469
Minbatch, batch size: 256, elapsed: 0.0004413127899169922
Minbatch, batch size: 256, elapsed: 0.0004639625549316406
Minbatch, batch size: 256, elapsed: 0.0005443096160888672
Minbatch, batch size: 256, elapsed: 0.0004584789276123047
Minbatch, batch size: 256, elapsed: 0.0004608631134033203
Minbatch, batch size: 256, elapsed: 0.0004820823669433594
Minbatch, batch size: 256, elapsed: 0.0004425048828125
Minbatch, batch size: 256, elapsed: 0.00043773651123046875
Minbatch, batch size: 256, elapsed: 0.0004420280456542969
Minbatch, batch size: 256, elapsed: 0.0004496574401855469
Minbatch, batch size: 256, elapsed: 0.0005517005920410156
Minbatch, batch size: 256, elapsed: 0.00045013427734375
Minbatch, batch size: 256, elapsed: 0.0004584789276123047
Minbatch, batch size: 256, elapsed: 0.0004975795745849609
Minbatch, batch size: 256, elapsed: 0.0004398822784423828
Minbatch, batch size: 256, elapsed: 0.0004482269287109375
Minbatch, batch size: 256, elapsed: 0.0004324913024902344
Minbatch, batch size: 256, elapsed: 0.00046062469482421875
Minbatch, batch size: 256, elapsed: 0.0005624294281005859
Minbatch, batch size: 256, elapsed: 0.0004565715789794922
Minbatch, batch size: 256, elapsed: 0.00045680999755859375
Minbatch, batch size: 256, elapsed: 0.0004775524139404297
Minbatch, batch size: 256, elapsed: 0.00043082237243652344
Minbatch, batch size: 256, elapsed: 0.0004353523254394531
Minbatch, batch size: 256, elapsed: 0.0004277229309082031
Minbatch, batch size: 256, elapsed: 0.0004506111145019531
Minbatch, batch size: 256, elapsed: 0.0005407333374023438
Minbatch, batch size: 256, elapsed: 0.0004508495330810547
Minbatch, batch size: 256, elapsed: 0.0004494190216064453
Minbatch, batch size: 256, elapsed: 0.0004863739013671875
Minbatch, batch size: 256, elapsed: 0.00045299530029296875
Minbatch, batch size: 256, elapsed: 0.000446319580078125
Minbatch, batch size: 256, elapsed: 0.00044226646423339844
Minbatch, batch size: 256, elapsed: 0.0004477500915527344
Minbatch, batch size: 256, elapsed: 0.0004467964172363281
Minbatch, batch size: 256, elapsed: 0.00044655799865722656
Minbatch, batch size: 256, elapsed: 0.0004470348358154297
Minbatch, batch size: 256, elapsed: 0.0004830360412597656
Minbatch, batch size: 256, elapsed: 0.00043511390686035156
Minbatch, batch size: 256, elapsed: 0.00044155120849609375
Minbatch, batch size: 256, elapsed: 0.0004439353942871094
Minbatch, batch size: 256, elapsed: 0.00044417381286621094
Minbatch, batch size: 256, elapsed: 0.0004382133483886719
Minbatch, batch size: 256, elapsed: 0.0004398822784423828
Minbatch, batch size: 256, elapsed: 0.0004363059997558594
Minbatch, batch size: 256, elapsed: 0.0004851818084716797
Minbatch, batch size: 256, elapsed: 0.00043773651123046875
Minbatch, batch size: 256, elapsed: 0.0004391670227050781
Minbatch, batch size: 256, elapsed: 0.0004398822784423828
Minbatch, batch size: 256, elapsed: 0.00043845176696777344
Minbatch, batch size: 256, elapsed: 0.00044417381286621094
Minbatch, batch size: 256, elapsed: 0.00043511390686035156
Minbatch, batch size: 256, elapsed: 0.0004425048828125
Minbatch, batch size: 256, elapsed: 0.0004899501800537109
Minbatch, batch size: 256, elapsed: 0.0004458427429199219
Minbatch, batch size: 256, elapsed: 0.0004470348358154297
Minbatch, batch size: 256, elapsed: 0.00044155120849609375
Minbatch, batch size: 256, elapsed: 0.00044083595275878906
Minbatch, batch size: 256, elapsed: 0.00043582916259765625
Minbatch, batch size: 256, elapsed: 0.00043773651123046875
Minbatch, batch size: 256, elapsed: 0.0004374980926513672
Minbatch, batch size: 256, elapsed: 0.0005009174346923828
Minbatch, batch size: 256, elapsed: 0.0004436969757080078
Minbatch, batch size: 256, elapsed: 0.0004477500915527344
Minbatch, batch size: 256, elapsed: 0.0004467964172363281
Minbatch, batch size: 256, elapsed: 0.0004448890686035156
Minbatch, batch size: 256, elapsed: 0.00044655799865722656
Minbatch, batch size: 256, elapsed: 0.0004398822784423828
Minbatch, batch size: 256, elapsed: 0.0004477500915527344
Minbatch, batch size: 256, elapsed: 0.00047397613525390625
Minbatch, batch size: 256, elapsed: 0.00046372413635253906
Minbatch, batch size: 256, elapsed: 0.0006160736083984375
Minbatch, batch size: 256, elapsed: 0.0004620552062988281
Minbatch, batch size: 256, elapsed: 0.0004818439483642578
Minbatch, batch size: 256, elapsed: 0.0004596710205078125
Minbatch, batch size: 256, elapsed: 0.0004520416259765625
Minbatch, batch size: 256, elapsed: 0.000476837158203125
Minbatch, batch size: 256, elapsed: 0.0005021095275878906
Minbatch, batch size: 256, elapsed: 0.0004391670227050781
Minbatch, batch size: 256, elapsed: 0.0004379749298095703
Minbatch, batch size: 256, elapsed: 0.0004417896270751953
Minbatch, batch size: 256, elapsed: 0.0004429817199707031
Minbatch, batch size: 256, elapsed: 0.0004439353942871094
Minbatch, batch size: 256, elapsed: 0.0004405975341796875
Minbatch, batch size: 256, elapsed: 0.0004405975341796875
Minbatch, batch size: 256, elapsed: 0.00046062469482421875
Minbatch, batch size: 256, elapsed: 0.00045013427734375
Minbatch, batch size: 256, elapsed: 0.0006082057952880859
Minbatch, batch size: 256, elapsed: 0.00044846534729003906
Minbatch, batch size: 256, elapsed: 0.0004715919494628906
Minbatch, batch size: 256, elapsed: 0.0004475116729736328
Minbatch, batch size: 256, elapsed: 0.0004477500915527344
Minbatch, batch size: 256, elapsed: 0.000469207763671875
Minbatch, batch size: 256, elapsed: 0.00048542022705078125
Minbatch, batch size: 256, elapsed: 0.0004425048828125
Minbatch, batch size: 256, elapsed: 0.00043702125549316406
Minbatch, batch size: 256, elapsed: 0.00043892860412597656
Minbatch, batch size: 256, elapsed: 0.0004329681396484375
Minbatch, batch size: 256, elapsed: 0.000438690185546875
Minbatch, batch size: 256, elapsed: 0.00043702125549316406
Minbatch, batch size: 256, elapsed: 0.00044274330139160156
Minbatch, batch size: 256, elapsed: 0.0004649162292480469
Minbatch, batch size: 256, elapsed: 0.00045299530029296875
Minbatch, batch size: 256, elapsed: 0.0006043910980224609
Minbatch, batch size: 256, elapsed: 0.0004496574401855469
Minbatch, batch size: 256, elapsed: 0.0004677772521972656
Minbatch, batch size: 256, elapsed: 0.0004508495330810547
Minbatch, batch size: 256, elapsed: 0.0004527568817138672
Minbatch, batch size: 256, elapsed: 0.0004649162292480469
Minbatch, batch size: 256, elapsed: 0.00047016143798828125
Minbatch, batch size: 256, elapsed: 0.0004353523254394531
Minbatch, batch size: 256, elapsed: 0.00043272972106933594
Minbatch, batch size: 256, elapsed: 0.0004374980926513672
Minbatch, batch size: 256, elapsed: 0.0004265308380126953
Minbatch, batch size: 256, elapsed: 0.0004372596740722656
Minbatch, batch size: 256, elapsed: 0.00043272972106933594
Minbatch, batch size: 256, elapsed: 0.0004363059997558594
Minbatch, batch size: 256, elapsed: 0.00045108795166015625
Minbatch, batch size: 256, elapsed: 0.00045108795166015625
Minbatch, batch size: 256, elapsed: 0.0005514621734619141
Minbatch, batch size: 256, elapsed: 0.00044918060302734375
Minbatch, batch size: 256, elapsed: 0.0004646778106689453
Minbatch, batch size: 256, elapsed: 0.0004458427429199219
Minbatch, batch size: 256, elapsed: 0.0004572868347167969
Minbatch, batch size: 256, elapsed: 0.00045871734619140625
Minbatch, batch size: 256, elapsed: 0.0005164146423339844
Minbatch, batch size: 256, elapsed: 0.0004811286926269531
Minbatch, batch size: 256, elapsed: 0.0004830360412597656
Minbatch, batch size: 256, elapsed: 0.00047969818115234375
Minbatch, batch size: 256, elapsed: 0.0004899501800537109
Minbatch, batch size: 256, elapsed: 0.0005068778991699219
Minbatch, batch size: 256, elapsed: 0.0004799365997314453
Minbatch, batch size: 256, elapsed: 0.0004992485046386719
Minbatch, batch size: 256, elapsed: 0.0004935264587402344
Minbatch, batch size: 256, elapsed: 0.0005011558532714844
Minbatch, batch size: 256, elapsed: 0.0004775524139404297
Minbatch, batch size: 256, elapsed: 0.0004775524139404297
Minbatch, batch size: 256, elapsed: 0.00048232078552246094
Minbatch, batch size: 256, elapsed: 0.0004892349243164062
Minbatch, batch size: 256, elapsed: 0.00048279762268066406
Minbatch, batch size: 256, elapsed: 0.0004863739013671875
Minbatch, batch size: 256, elapsed: 0.0004940032958984375
Minbatch, batch size: 256, elapsed: 0.0004825592041015625
Minbatch, batch size: 256, elapsed: 0.0004968643188476562
Minbatch, batch size: 256, elapsed: 0.0004801750183105469
Minbatch, batch size: 256, elapsed: 0.0005004405975341797
Minbatch, batch size: 256, elapsed: 0.0004963874816894531
Minbatch, batch size: 256, elapsed: 0.00048279762268066406
Minbatch, batch size: 256, elapsed: 0.0004942417144775391
Minbatch, batch size: 256, elapsed: 0.0004849433898925781
Minbatch, batch size: 256, elapsed: 0.0005037784576416016
Minbatch, batch size: 256, elapsed: 0.0004801750183105469
Minbatch, batch size: 256, elapsed: 0.0004723072052001953
Minbatch, batch size: 256, elapsed: 0.0004863739013671875
Minbatch, batch size: 256, elapsed: 0.00048804283142089844
Minbatch, batch size: 256, elapsed: 0.0004849433898925781
Minbatch, batch size: 256, elapsed: 0.00048542022705078125
Minbatch, batch size: 256, elapsed: 0.0004985332489013672
Minbatch, batch size: 256, elapsed: 0.0004858970642089844
Minbatch, batch size: 256, elapsed: 0.0004875659942626953
Minbatch, batch size: 256, elapsed: 0.0004949569702148438
Minbatch, batch size: 256, elapsed: 0.0004856586456298828
Minbatch, batch size: 256, elapsed: 0.0004971027374267578
Minbatch, batch size: 256, elapsed: 0.0004818439483642578
Minbatch, batch size: 256, elapsed: 0.0004813671112060547
cluster all the nodes, cost 9.323290348052979 s
Dataset: Sports_and_Outdoors
Evaluated users: 35598
@1: Precision=0.099219, Recall=0.099219, MRR=0.099219, MAP=0.099219, NDCG=0.099219
@5: Precision=0.053464, Recall=0.267318, MRR=0.157613, MAP=0.157613, NDCG=0.184712
@10: Precision=0.038303, Recall=0.383027, MRR=0.172922, MAP=0.172922, NDCG=0.221998
@20: Precision=0.025854, Recall=0.517080, MRR=0.182146, MAP=0.182146, NDCG=0.255791
@100: Precision=0.010000, Recall=1.000000, MRR=0.193058, MAP=0.193058, NDCG=0.342349
Saved to: /u/hchen42/EAGER/results/eager_Sports_and_Outdoors_20260212_085934
Completed: Sports_and_Outdoors
------------------------------------------------
Running: Toys_and_Games at Thu Feb 12 09:03:33 CST 2026
------------------------------------------------
start to construct
get into cluster training process
start to cluster
Train iteration done, pcode:0, data size: 65536, elapsed time: 34.43742299079895
start to process mini-batch parallel.....................................
Minbatch, batch size: 256, elapsed: 0.00049591064453125
Minbatch, batch size: 256, elapsed: 0.0004780292510986328
Minbatch, batch size: 256, elapsed: 0.0004887580871582031
Minbatch, batch size: 256, elapsed: 0.00048065185546875
Minbatch, batch size: 256, elapsed: 0.00047397613525390625
Minbatch, batch size: 256, elapsed: 0.00047659873962402344
Minbatch, batch size: 256, elapsed: 0.0004899501800537109
Minbatch, batch size: 256, elapsed: 0.0004706382751464844
Minbatch, batch size: 256, elapsed: 0.0004749298095703125
Minbatch, batch size: 256, elapsed: 0.0004799365997314453
Minbatch, batch size: 256, elapsed: 0.0004906654357910156
Minbatch, batch size: 256, elapsed: 0.00047469139099121094
Minbatch, batch size: 256, elapsed: 0.0004780292510986328
Minbatch, batch size: 256, elapsed: 0.0004780292510986328
Minbatch, batch size: 256, elapsed: 0.0004799365997314453
Minbatch, batch size: 256, elapsed: 0.00046372413635253906
Minbatch, batch size: 256, elapsed: 0.0004799365997314453
Minbatch, batch size: 256, elapsed: 0.00048279762268066406
Minbatch, batch size: 256, elapsed: 0.0004892349243164062
Minbatch, batch size: 256, elapsed: 0.0004782676696777344
Minbatch, batch size: 256, elapsed: 0.0004742145538330078
Minbatch, batch size: 256, elapsed: 0.00047206878662109375
Minbatch, batch size: 256, elapsed: 0.0004775524139404297
Minbatch, batch size: 256, elapsed: 0.0004673004150390625
Minbatch, batch size: 256, elapsed: 0.0004715919494628906
Minbatch, batch size: 256, elapsed: 0.00046896934509277344
Minbatch, batch size: 256, elapsed: 0.0004684925079345703
Minbatch, batch size: 256, elapsed: 0.0004642009735107422
Minbatch, batch size: 256, elapsed: 0.0004832744598388672
Minbatch, batch size: 256, elapsed: 0.0004730224609375
Minbatch, batch size: 256, elapsed: 0.0004754066467285156
Minbatch, batch size: 256, elapsed: 0.0004699230194091797
Minbatch, batch size: 256, elapsed: 0.00047516822814941406
Minbatch, batch size: 256, elapsed: 0.0004734992980957031
Minbatch, batch size: 256, elapsed: 0.00046706199645996094
Minbatch, batch size: 256, elapsed: 0.0004684925079345703
Minbatch, batch size: 256, elapsed: 0.000476837158203125
Minbatch, batch size: 256, elapsed: 0.0004723072052001953
Minbatch, batch size: 256, elapsed: 0.000476837158203125
Minbatch, batch size: 256, elapsed: 0.00047016143798828125
Minbatch, batch size: 256, elapsed: 0.00048041343688964844
Minbatch, batch size: 256, elapsed: 0.0005230903625488281
Minbatch, batch size: 256, elapsed: 0.00047659873962402344
Minbatch, batch size: 256, elapsed: 0.0005164146423339844
Minbatch, batch size: 256, elapsed: 0.0004885196685791016
Minbatch, batch size: 256, elapsed: 0.0005300045013427734
Minbatch, batch size: 256, elapsed: 0.0004699230194091797
Minbatch, batch size: 256, elapsed: 0.0005085468292236328
Minbatch, batch size: 256, elapsed: 0.0004923343658447266
Minbatch, batch size: 256, elapsed: 0.0004367828369140625
Minbatch, batch size: 256, elapsed: 0.00047206878662109375
Minbatch, batch size: 256, elapsed: 0.00043392181396484375
Minbatch, batch size: 256, elapsed: 0.00046443939208984375
Minbatch, batch size: 256, elapsed: 0.0004341602325439453
Minbatch, batch size: 256, elapsed: 0.0004754066467285156
Minbatch, batch size: 256, elapsed: 0.0004341602325439453
Minbatch, batch size: 256, elapsed: 0.00048422813415527344
Minbatch, batch size: 256, elapsed: 0.0004398822784423828
Minbatch, batch size: 256, elapsed: 0.00047969818115234375
Minbatch, batch size: 256, elapsed: 0.0005018711090087891
Minbatch, batch size: 256, elapsed: 0.0004737377166748047
Minbatch, batch size: 256, elapsed: 0.0004353523254394531
Minbatch, batch size: 256, elapsed: 0.0004699230194091797
Minbatch, batch size: 256, elapsed: 0.0005011558532714844
Minbatch, batch size: 256, elapsed: 0.0004754066467285156
Minbatch, batch size: 256, elapsed: 0.00043702125549316406
Minbatch, batch size: 256, elapsed: 0.00045752525329589844
Minbatch, batch size: 256, elapsed: 0.0004987716674804688
Minbatch, batch size: 256, elapsed: 0.00046634674072265625
Minbatch, batch size: 256, elapsed: 0.0004401206970214844
Minbatch, batch size: 256, elapsed: 0.0004477500915527344
Minbatch, batch size: 256, elapsed: 0.0004992485046386719
Minbatch, batch size: 256, elapsed: 0.0004911422729492188
Minbatch, batch size: 256, elapsed: 0.0004410743713378906
Minbatch, batch size: 256, elapsed: 0.0004477500915527344
Minbatch, batch size: 256, elapsed: 0.00043487548828125
Minbatch, batch size: 256, elapsed: 0.00047087669372558594
Minbatch, batch size: 256, elapsed: 0.0004401206970214844
Minbatch, batch size: 256, elapsed: 0.0004334449768066406
Minbatch, batch size: 256, elapsed: 0.000431060791015625
Minbatch, batch size: 256, elapsed: 0.0004780292510986328
Minbatch, batch size: 256, elapsed: 0.000446319580078125
Minbatch, batch size: 256, elapsed: 0.0004336833953857422
Minbatch, batch size: 256, elapsed: 0.00043654441833496094
Minbatch, batch size: 256, elapsed: 0.0004730224609375
Minbatch, batch size: 256, elapsed: 0.0004303455352783203
Minbatch, batch size: 256, elapsed: 0.0004367828369140625
Minbatch, batch size: 256, elapsed: 0.00042724609375
Minbatch, batch size: 256, elapsed: 0.0004825592041015625
Minbatch, batch size: 256, elapsed: 0.00044155120849609375
Minbatch, batch size: 256, elapsed: 0.0004475116729736328
Minbatch, batch size: 256, elapsed: 0.00043845176696777344
Minbatch, batch size: 256, elapsed: 0.0004525184631347656
Minbatch, batch size: 256, elapsed: 0.0005860328674316406
Minbatch, batch size: 256, elapsed: 0.00045800209045410156
Minbatch, batch size: 256, elapsed: 0.0004494190216064453
Minbatch, batch size: 256, elapsed: 0.00046539306640625
Minbatch, batch size: 256, elapsed: 0.00044155120849609375
Minbatch, batch size: 256, elapsed: 0.00043582916259765625
Minbatch, batch size: 256, elapsed: 0.00043582916259765625
Minbatch, batch size: 256, elapsed: 0.0004532337188720703
Minbatch, batch size: 256, elapsed: 0.0005469322204589844
Minbatch, batch size: 256, elapsed: 0.0004451274871826172
Minbatch, batch size: 256, elapsed: 0.0004515647888183594
Minbatch, batch size: 256, elapsed: 0.0004918575286865234
Minbatch, batch size: 256, elapsed: 0.0004372596740722656
Minbatch, batch size: 256, elapsed: 0.0004458427429199219
Minbatch, batch size: 256, elapsed: 0.0004334449768066406
Minbatch, batch size: 256, elapsed: 0.00044536590576171875
Minbatch, batch size: 256, elapsed: 0.0005550384521484375
Minbatch, batch size: 256, elapsed: 0.00044655799865722656
Minbatch, batch size: 256, elapsed: 0.0004584789276123047
Minbatch, batch size: 256, elapsed: 0.00046944618225097656
Minbatch, batch size: 256, elapsed: 0.00042891502380371094
Minbatch, batch size: 256, elapsed: 0.00043392181396484375
Minbatch, batch size: 256, elapsed: 0.00042438507080078125
Minbatch, batch size: 256, elapsed: 0.0004496574401855469
Minbatch, batch size: 256, elapsed: 0.0005326271057128906
Minbatch, batch size: 256, elapsed: 0.0004508495330810547
Minbatch, batch size: 256, elapsed: 0.00044536590576171875
Minbatch, batch size: 256, elapsed: 0.0004782676696777344
Minbatch, batch size: 256, elapsed: 0.00043964385986328125
Minbatch, batch size: 256, elapsed: 0.00044083595275878906
Minbatch, batch size: 256, elapsed: 0.00043845176696777344
Minbatch, batch size: 256, elapsed: 0.0004382133483886719
Minbatch, batch size: 256, elapsed: 0.00043702125549316406
Minbatch, batch size: 256, elapsed: 0.00044608116149902344
Minbatch, batch size: 256, elapsed: 0.00043964385986328125
Minbatch, batch size: 256, elapsed: 0.0004761219024658203
Minbatch, batch size: 256, elapsed: 0.0004341602325439453
Minbatch, batch size: 256, elapsed: 0.0004405975341796875
Minbatch, batch size: 256, elapsed: 0.0004374980926513672
Minbatch, batch size: 256, elapsed: 0.00043320655822753906
Minbatch, batch size: 256, elapsed: 0.0004467964172363281
Minbatch, batch size: 256, elapsed: 0.00043582916259765625
Minbatch, batch size: 256, elapsed: 0.0004451274871826172
Minbatch, batch size: 256, elapsed: 0.00046896934509277344
Minbatch, batch size: 256, elapsed: 0.0004405975341796875
Minbatch, batch size: 256, elapsed: 0.000438690185546875
Minbatch, batch size: 256, elapsed: 0.0004425048828125
Minbatch, batch size: 256, elapsed: 0.00043487548828125
Minbatch, batch size: 256, elapsed: 0.00044155120849609375
Minbatch, batch size: 256, elapsed: 0.0004353523254394531
Minbatch, batch size: 256, elapsed: 0.00043964385986328125
Minbatch, batch size: 256, elapsed: 0.0004780292510986328
Minbatch, batch size: 256, elapsed: 0.0004298686981201172
Minbatch, batch size: 256, elapsed: 0.00043582916259765625
Minbatch, batch size: 256, elapsed: 0.00043129920959472656
Minbatch, batch size: 256, elapsed: 0.0004394054412841797
Minbatch, batch size: 256, elapsed: 0.00043201446533203125
Minbatch, batch size: 256, elapsed: 0.0004451274871826172
Minbatch, batch size: 256, elapsed: 0.00044083595275878906
Minbatch, batch size: 256, elapsed: 0.000492095947265625
Minbatch, batch size: 256, elapsed: 0.00043964385986328125
Minbatch, batch size: 256, elapsed: 0.000446319580078125
Minbatch, batch size: 256, elapsed: 0.00044226646423339844
Minbatch, batch size: 256, elapsed: 0.00044727325439453125
Minbatch, batch size: 256, elapsed: 0.0004405975341796875
Minbatch, batch size: 256, elapsed: 0.0004439353942871094
Minbatch, batch size: 256, elapsed: 0.0004413127899169922
Minbatch, batch size: 256, elapsed: 0.00047206878662109375
Minbatch, batch size: 256, elapsed: 0.0004534721374511719
Minbatch, batch size: 256, elapsed: 0.0006237030029296875
Minbatch, batch size: 256, elapsed: 0.00046563148498535156
Minbatch, batch size: 256, elapsed: 0.0004870891571044922
Minbatch, batch size: 256, elapsed: 0.00045680999755859375
Minbatch, batch size: 256, elapsed: 0.00045680999755859375
Minbatch, batch size: 256, elapsed: 0.00047087669372558594
Minbatch, batch size: 256, elapsed: 0.0004990100860595703
Minbatch, batch size: 256, elapsed: 0.000438690185546875
Minbatch, batch size: 256, elapsed: 0.0004374980926513672
Minbatch, batch size: 256, elapsed: 0.00044417381286621094
Minbatch, batch size: 256, elapsed: 0.00043582916259765625
Minbatch, batch size: 256, elapsed: 0.0004496574401855469
Minbatch, batch size: 256, elapsed: 0.00043582916259765625
Minbatch, batch size: 256, elapsed: 0.00044345855712890625
Minbatch, batch size: 256, elapsed: 0.00046753883361816406
Minbatch, batch size: 256, elapsed: 0.0004611015319824219
Minbatch, batch size: 256, elapsed: 0.0006182193756103516
Minbatch, batch size: 256, elapsed: 0.00045990943908691406
Minbatch, batch size: 256, elapsed: 0.0004744529724121094
Minbatch, batch size: 256, elapsed: 0.000457763671875
Minbatch, batch size: 256, elapsed: 0.0004487037658691406
Minbatch, batch size: 256, elapsed: 0.00047588348388671875
Minbatch, batch size: 256, elapsed: 0.0004825592041015625
Minbatch, batch size: 256, elapsed: 0.0004405975341796875
Minbatch, batch size: 256, elapsed: 0.0004405975341796875
Minbatch, batch size: 256, elapsed: 0.0004391670227050781
Minbatch, batch size: 256, elapsed: 0.0004343986511230469
Minbatch, batch size: 256, elapsed: 0.0004444122314453125
Minbatch, batch size: 256, elapsed: 0.0004456043243408203
Minbatch, batch size: 256, elapsed: 0.00043702125549316406
Minbatch, batch size: 256, elapsed: 0.0004608631134033203
Minbatch, batch size: 256, elapsed: 0.0004544258117675781
Minbatch, batch size: 256, elapsed: 0.0005927085876464844
Minbatch, batch size: 256, elapsed: 0.0004520416259765625
Minbatch, batch size: 256, elapsed: 0.00047516822814941406
Minbatch, batch size: 256, elapsed: 0.00044798851013183594
Minbatch, batch size: 256, elapsed: 0.0004546642303466797
Minbatch, batch size: 256, elapsed: 0.00046539306640625
Minbatch, batch size: 256, elapsed: 0.00048232078552246094
Minbatch, batch size: 256, elapsed: 0.0004317760467529297
Minbatch, batch size: 256, elapsed: 0.0004372596740722656
Minbatch, batch size: 256, elapsed: 0.00043773651123046875
Minbatch, batch size: 256, elapsed: 0.00043272972106933594
Minbatch, batch size: 256, elapsed: 0.0004367828369140625
Minbatch, batch size: 256, elapsed: 0.0004456043243408203
Minbatch, batch size: 256, elapsed: 0.00045990943908691406
Minbatch, batch size: 256, elapsed: 0.00046253204345703125
Minbatch, batch size: 256, elapsed: 0.0004527568817138672
Minbatch, batch size: 256, elapsed: 0.00072479248046875
Minbatch, batch size: 256, elapsed: 0.00047206878662109375
Minbatch, batch size: 256, elapsed: 0.0005180835723876953
Minbatch, batch size: 256, elapsed: 0.0004551410675048828
Minbatch, batch size: 256, elapsed: 0.0004513263702392578
Minbatch, batch size: 256, elapsed: 0.0005128383636474609
Minbatch, batch size: 256, elapsed: 0.0004734992980957031
Minbatch, batch size: 256, elapsed: 0.0004930496215820312
Minbatch, batch size: 256, elapsed: 0.0004787445068359375
Minbatch, batch size: 256, elapsed: 0.00047850608825683594
Minbatch, batch size: 256, elapsed: 0.0004942417144775391
Minbatch, batch size: 256, elapsed: 0.00048732757568359375
Minbatch, batch size: 256, elapsed: 0.0004863739013671875
Minbatch, batch size: 256, elapsed: 0.0004761219024658203
Minbatch, batch size: 256, elapsed: 0.0004775524139404297
Minbatch, batch size: 256, elapsed: 0.0004749298095703125
Minbatch, batch size: 256, elapsed: 0.00047206878662109375
Minbatch, batch size: 256, elapsed: 0.0004761219024658203
Minbatch, batch size: 256, elapsed: 0.0004792213439941406
Minbatch, batch size: 256, elapsed: 0.00047969818115234375
Minbatch, batch size: 256, elapsed: 0.00047278404235839844
Minbatch, batch size: 256, elapsed: 0.00047278404235839844
Minbatch, batch size: 256, elapsed: 0.0004801750183105469
Minbatch, batch size: 256, elapsed: 0.00047898292541503906
Minbatch, batch size: 256, elapsed: 0.00047278404235839844
Minbatch, batch size: 256, elapsed: 0.00047659873962402344
Minbatch, batch size: 256, elapsed: 0.0004973411560058594
Minbatch, batch size: 256, elapsed: 0.0004851818084716797
Minbatch, batch size: 256, elapsed: 0.00047516822814941406
Minbatch, batch size: 256, elapsed: 0.00047779083251953125
Minbatch, batch size: 256, elapsed: 0.0005056858062744141
Minbatch, batch size: 256, elapsed: 0.00048089027404785156
Minbatch, batch size: 256, elapsed: 0.0004754066467285156
Minbatch, batch size: 256, elapsed: 0.00047206878662109375
Minbatch, batch size: 256, elapsed: 0.00048422813415527344
Minbatch, batch size: 256, elapsed: 0.0004863739013671875
Minbatch, batch size: 256, elapsed: 0.0004856586456298828
Minbatch, batch size: 256, elapsed: 0.00047779083251953125
Minbatch, batch size: 256, elapsed: 0.0004944801330566406
Minbatch, batch size: 256, elapsed: 0.0004875659942626953
Minbatch, batch size: 256, elapsed: 0.00047135353088378906
Minbatch, batch size: 256, elapsed: 0.0004665851593017578
Minbatch, batch size: 256, elapsed: 0.00048732757568359375
Minbatch, batch size: 256, elapsed: 0.00047016143798828125
Minbatch, batch size: 256, elapsed: 0.00047516822814941406
Minbatch, batch size: 256, elapsed: 0.0004646778106689453
cluster all the nodes, cost 8.829233646392822 s
Dataset: Toys_and_Games
Evaluated users: 19412
@1: Precision=0.054760, Recall=0.054760, MRR=0.054760, MAP=0.054760, NDCG=0.054760
@5: Precision=0.037564, Recall=0.187822, MRR=0.099693, MAP=0.099693, NDCG=0.121407
@10: Precision=0.028807, Recall=0.288069, MRR=0.112841, MAP=0.112841, NDCG=0.153595
@20: Precision=0.020621, Recall=0.412425, MRR=0.121440, MAP=0.121440, NDCG=0.184998
@100: Precision=0.010000, Recall=1.000000, MRR=0.133344, MAP=0.133344, NDCG=0.287343
Saved to: /u/hchen42/EAGER/results/eager_Toys_and_Games_20260212_090342
Completed: Toys_and_Games
------------------------------------------------
Running: Yelp at Thu Feb 12 09:06:11 CST 2026
------------------------------------------------
start to construct
get into cluster training process
start to cluster
Train iteration done, pcode:0, data size: 65536, elapsed time: 35.507181882858276
start to process mini-batch parallel.....................................
Minbatch, batch size: 256, elapsed: 0.0004839897155761719
Minbatch, batch size: 256, elapsed: 0.0004963874816894531
Minbatch, batch size: 256, elapsed: 0.0004906654357910156
Minbatch, batch size: 256, elapsed: 0.0004897117614746094
Minbatch, batch size: 256, elapsed: 0.0004901885986328125
Minbatch, batch size: 256, elapsed: 0.00049591064453125
Minbatch, batch size: 256, elapsed: 0.0004794597625732422
Minbatch, batch size: 256, elapsed: 0.00047516822814941406
Minbatch, batch size: 256, elapsed: 0.0005533695220947266
Minbatch, batch size: 256, elapsed: 0.0004711151123046875
Minbatch, batch size: 256, elapsed: 0.00047397613525390625
Minbatch, batch size: 256, elapsed: 0.00048041343688964844
Minbatch, batch size: 256, elapsed: 0.0004734992980957031
Minbatch, batch size: 256, elapsed: 0.0004696846008300781
Minbatch, batch size: 256, elapsed: 0.0004749298095703125
Minbatch, batch size: 256, elapsed: 0.0004553794860839844
Minbatch, batch size: 256, elapsed: 0.00047135353088378906
Minbatch, batch size: 256, elapsed: 0.0004696846008300781
Minbatch, batch size: 256, elapsed: 0.00045943260192871094
Minbatch, batch size: 256, elapsed: 0.0004887580871582031
Minbatch, batch size: 256, elapsed: 0.0004630088806152344
Minbatch, batch size: 256, elapsed: 0.0004756450653076172
Minbatch, batch size: 256, elapsed: 0.00047278404235839844
Minbatch, batch size: 256, elapsed: 0.00048661231994628906
Minbatch, batch size: 256, elapsed: 0.0004696846008300781
Minbatch, batch size: 256, elapsed: 0.0004963874816894531
Minbatch, batch size: 256, elapsed: 0.00045990943908691406
Minbatch, batch size: 256, elapsed: 0.0004756450653076172
Minbatch, batch size: 256, elapsed: 0.00047087669372558594
Minbatch, batch size: 256, elapsed: 0.00047659873962402344
Minbatch, batch size: 256, elapsed: 0.00046253204345703125
Minbatch, batch size: 256, elapsed: 0.00047278404235839844
Minbatch, batch size: 256, elapsed: 0.0004661083221435547
Minbatch, batch size: 256, elapsed: 0.00048160552978515625
Minbatch, batch size: 256, elapsed: 0.0004589557647705078
Minbatch, batch size: 256, elapsed: 0.0004849433898925781
Minbatch, batch size: 256, elapsed: 0.0004718303680419922
Minbatch, batch size: 256, elapsed: 0.0004839897155761719
Minbatch, batch size: 256, elapsed: 0.00046181678771972656
Minbatch, batch size: 256, elapsed: 0.00046372413635253906
Minbatch, batch size: 256, elapsed: 0.0004832744598388672
Minbatch, batch size: 256, elapsed: 0.0004477500915527344
Minbatch, batch size: 256, elapsed: 0.0004940032958984375
Minbatch, batch size: 256, elapsed: 0.0004456043243408203
Minbatch, batch size: 256, elapsed: 0.0004763603210449219
Minbatch, batch size: 256, elapsed: 0.0005228519439697266
Minbatch, batch size: 256, elapsed: 0.0004756450653076172
Minbatch, batch size: 256, elapsed: 0.0005362033843994141
Minbatch, batch size: 256, elapsed: 0.0004761219024658203
Minbatch, batch size: 256, elapsed: 0.0004343986511230469
Minbatch, batch size: 256, elapsed: 0.0004870891571044922
Minbatch, batch size: 256, elapsed: 0.00044417381286621094
Minbatch, batch size: 256, elapsed: 0.00047016143798828125
Minbatch, batch size: 256, elapsed: 0.0004246234893798828
Minbatch, batch size: 256, elapsed: 0.00046634674072265625
Minbatch, batch size: 256, elapsed: 0.0004451274871826172
Minbatch, batch size: 256, elapsed: 0.0004837512969970703
Minbatch, batch size: 256, elapsed: 0.00043010711669921875
Minbatch, batch size: 256, elapsed: 0.0004627704620361328
Minbatch, batch size: 256, elapsed: 0.0004940032958984375
Minbatch, batch size: 256, elapsed: 0.0004849433898925781
Minbatch, batch size: 256, elapsed: 0.0004417896270751953
Minbatch, batch size: 256, elapsed: 0.00047278404235839844
Minbatch, batch size: 256, elapsed: 0.0005283355712890625
Minbatch, batch size: 256, elapsed: 0.00046443939208984375
Minbatch, batch size: 256, elapsed: 0.0004367828369140625
Minbatch, batch size: 256, elapsed: 0.0004436969757080078
Minbatch, batch size: 256, elapsed: 0.0005168914794921875
Minbatch, batch size: 256, elapsed: 0.0004684925079345703
Minbatch, batch size: 256, elapsed: 0.0004343986511230469
Minbatch, batch size: 256, elapsed: 0.0004742145538330078
Minbatch, batch size: 256, elapsed: 0.0005180835723876953
Minbatch, batch size: 256, elapsed: 0.0004680156707763672
Minbatch, batch size: 256, elapsed: 0.00042819976806640625
Minbatch, batch size: 256, elapsed: 0.00043582916259765625
Minbatch, batch size: 256, elapsed: 0.00042629241943359375
Minbatch, batch size: 256, elapsed: 0.0005977153778076172
Minbatch, batch size: 256, elapsed: 0.0005507469177246094
Minbatch, batch size: 256, elapsed: 0.0004630088806152344
Minbatch, batch size: 256, elapsed: 0.00043392181396484375
Minbatch, batch size: 256, elapsed: 0.0004582405090332031
Minbatch, batch size: 256, elapsed: 0.00043272972106933594
Minbatch, batch size: 256, elapsed: 0.00042176246643066406
Minbatch, batch size: 256, elapsed: 0.0004279613494873047
Minbatch, batch size: 256, elapsed: 0.000476837158203125
Minbatch, batch size: 256, elapsed: 0.0004367828369140625
Minbatch, batch size: 256, elapsed: 0.00043702125549316406
Minbatch, batch size: 256, elapsed: 0.00044226646423339844
Minbatch, batch size: 256, elapsed: 0.0004558563232421875
Minbatch, batch size: 256, elapsed: 0.0004363059997558594
Minbatch, batch size: 256, elapsed: 0.0004355907440185547
Minbatch, batch size: 256, elapsed: 0.0004353523254394531
Minbatch, batch size: 256, elapsed: 0.00044918060302734375
Minbatch, batch size: 256, elapsed: 0.0005314350128173828
Minbatch, batch size: 256, elapsed: 0.0004451274871826172
Minbatch, batch size: 256, elapsed: 0.0004565715789794922
Minbatch, batch size: 256, elapsed: 0.0004799365997314453
Minbatch, batch size: 256, elapsed: 0.0004379749298095703
Minbatch, batch size: 256, elapsed: 0.0004467964172363281
Minbatch, batch size: 256, elapsed: 0.00043463706970214844
Minbatch, batch size: 256, elapsed: 0.00046324729919433594
Minbatch, batch size: 256, elapsed: 0.0005896091461181641
Minbatch, batch size: 256, elapsed: 0.00046563148498535156
Minbatch, batch size: 256, elapsed: 0.0004570484161376953
Minbatch, batch size: 256, elapsed: 0.0004627704620361328
Minbatch, batch size: 256, elapsed: 0.00042247772216796875
Minbatch, batch size: 256, elapsed: 0.0004277229309082031
Minbatch, batch size: 256, elapsed: 0.0004215240478515625
Minbatch, batch size: 256, elapsed: 0.0004553794860839844
Minbatch, batch size: 256, elapsed: 0.0005671977996826172
Minbatch, batch size: 256, elapsed: 0.0004532337188720703
Minbatch, batch size: 256, elapsed: 0.0004367828369140625
Minbatch, batch size: 256, elapsed: 0.0004684925079345703
Minbatch, batch size: 256, elapsed: 0.0004355907440185547
Minbatch, batch size: 256, elapsed: 0.0004436969757080078
Minbatch, batch size: 256, elapsed: 0.0004343986511230469
Minbatch, batch size: 256, elapsed: 0.0004661083221435547
Minbatch, batch size: 256, elapsed: 0.0004451274871826172
Minbatch, batch size: 256, elapsed: 0.0005526542663574219
Minbatch, batch size: 256, elapsed: 0.0004487037658691406
Minbatch, batch size: 256, elapsed: 0.00046181678771972656
Minbatch, batch size: 256, elapsed: 0.0004355907440185547
Minbatch, batch size: 256, elapsed: 0.0004382133483886719
Minbatch, batch size: 256, elapsed: 0.00043582916259765625
Minbatch, batch size: 256, elapsed: 0.000431060791015625
Minbatch, batch size: 256, elapsed: 0.00043392181396484375
Minbatch, batch size: 256, elapsed: 0.0004353523254394531
Minbatch, batch size: 256, elapsed: 0.0005948543548583984
Minbatch, batch size: 256, elapsed: 0.0004792213439941406
Minbatch, batch size: 256, elapsed: 0.0004436969757080078
Minbatch, batch size: 256, elapsed: 0.00045299530029296875
Minbatch, batch size: 256, elapsed: 0.00044536590576171875
Minbatch, batch size: 256, elapsed: 0.0004451274871826172
Minbatch, batch size: 256, elapsed: 0.00045871734619140625
Minbatch, batch size: 256, elapsed: 0.0004494190216064453
Minbatch, batch size: 256, elapsed: 0.00044918060302734375
Minbatch, batch size: 256, elapsed: 0.0004553794860839844
Minbatch, batch size: 256, elapsed: 0.00047779083251953125
Minbatch, batch size: 256, elapsed: 0.0004277229309082031
Minbatch, batch size: 256, elapsed: 0.0004267692565917969
Minbatch, batch size: 256, elapsed: 0.00042629241943359375
Minbatch, batch size: 256, elapsed: 0.00041961669921875
Minbatch, batch size: 256, elapsed: 0.0004296302795410156
Minbatch, batch size: 256, elapsed: 0.00042366981506347656
Minbatch, batch size: 256, elapsed: 0.00045990943908691406
Minbatch, batch size: 256, elapsed: 0.00044655799865722656
Minbatch, batch size: 256, elapsed: 0.00044155120849609375
Minbatch, batch size: 256, elapsed: 0.00044035911560058594
Minbatch, batch size: 256, elapsed: 0.0004363059997558594
Minbatch, batch size: 256, elapsed: 0.0004353523254394531
Minbatch, batch size: 256, elapsed: 0.00044846534729003906
Minbatch, batch size: 256, elapsed: 0.00044083595275878906
Minbatch, batch size: 256, elapsed: 0.0004687309265136719
Minbatch, batch size: 256, elapsed: 0.0004286766052246094
Minbatch, batch size: 256, elapsed: 0.0004391670227050781
Minbatch, batch size: 256, elapsed: 0.0004322528839111328
Minbatch, batch size: 256, elapsed: 0.0004279613494873047
Minbatch, batch size: 256, elapsed: 0.00043392181396484375
Minbatch, batch size: 256, elapsed: 0.0004353523254394531
Minbatch, batch size: 256, elapsed: 0.00043487548828125
Minbatch, batch size: 256, elapsed: 0.00045418739318847656
Minbatch, batch size: 256, elapsed: 0.0005865097045898438
Minbatch, batch size: 256, elapsed: 0.00045418739318847656
Minbatch, batch size: 256, elapsed: 0.00045490264892578125
Minbatch, batch size: 256, elapsed: 0.00046515464782714844
Minbatch, batch size: 256, elapsed: 0.00045228004455566406
Minbatch, batch size: 256, elapsed: 0.0004482269287109375
Minbatch, batch size: 256, elapsed: 0.00046753883361816406
Minbatch, batch size: 256, elapsed: 0.00048613548278808594
Minbatch, batch size: 256, elapsed: 0.0004413127899169922
Minbatch, batch size: 256, elapsed: 0.00045180320739746094
Minbatch, batch size: 256, elapsed: 0.0004420280456542969
Minbatch, batch size: 256, elapsed: 0.00043964385986328125
Minbatch, batch size: 256, elapsed: 0.0004405975341796875
Minbatch, batch size: 256, elapsed: 0.00043964385986328125
Minbatch, batch size: 256, elapsed: 0.0004420280456542969
Minbatch, batch size: 256, elapsed: 0.00045418739318847656
Minbatch, batch size: 256, elapsed: 0.000598907470703125
Minbatch, batch size: 256, elapsed: 0.0004546642303466797
Minbatch, batch size: 256, elapsed: 0.000453948974609375
Minbatch, batch size: 256, elapsed: 0.00046539306640625
Minbatch, batch size: 256, elapsed: 0.0004570484161376953
Minbatch, batch size: 256, elapsed: 0.0004494190216064453
Minbatch, batch size: 256, elapsed: 0.0004711151123046875
Minbatch, batch size: 256, elapsed: 0.00047087669372558594
Minbatch, batch size: 256, elapsed: 0.0004248619079589844
Minbatch, batch size: 256, elapsed: 0.00043082237243652344
Minbatch, batch size: 256, elapsed: 0.0004229545593261719
Minbatch, batch size: 256, elapsed: 0.00042510032653808594
Minbatch, batch size: 256, elapsed: 0.0004203319549560547
Minbatch, batch size: 256, elapsed: 0.0004241466522216797
Minbatch, batch size: 256, elapsed: 0.00045013427734375
Minbatch, batch size: 256, elapsed: 0.00044417381286621094
Minbatch, batch size: 256, elapsed: 0.0004477500915527344
Minbatch, batch size: 256, elapsed: 0.0005528926849365234
Minbatch, batch size: 256, elapsed: 0.0004410743713378906
Minbatch, batch size: 256, elapsed: 0.0004551410675048828
Minbatch, batch size: 256, elapsed: 0.00044274330139160156
Minbatch, batch size: 256, elapsed: 0.0004482269287109375
Minbatch, batch size: 256, elapsed: 0.0004591941833496094
Minbatch, batch size: 256, elapsed: 0.0004773139953613281
Minbatch, batch size: 256, elapsed: 0.0004475116729736328
Minbatch, batch size: 256, elapsed: 0.00044727325439453125
Minbatch, batch size: 256, elapsed: 0.0004382133483886719
Minbatch, batch size: 256, elapsed: 0.000438690185546875
Minbatch, batch size: 256, elapsed: 0.0004436969757080078
Minbatch, batch size: 256, elapsed: 0.00043582916259765625
Minbatch, batch size: 256, elapsed: 0.0004439353942871094
Minbatch, batch size: 256, elapsed: 0.00046896934509277344
Minbatch, batch size: 256, elapsed: 0.00046896934509277344
Minbatch, batch size: 256, elapsed: 0.0006284713745117188
Minbatch, batch size: 256, elapsed: 0.0004589557647705078
Minbatch, batch size: 256, elapsed: 0.0004508495330810547
Minbatch, batch size: 256, elapsed: 0.0004792213439941406
Minbatch, batch size: 256, elapsed: 0.0004534721374511719
Minbatch, batch size: 256, elapsed: 0.0004715919494628906
Minbatch, batch size: 256, elapsed: 0.0004906654357910156
Minbatch, batch size: 256, elapsed: 0.00048232078552246094
Minbatch, batch size: 256, elapsed: 0.00048232078552246094
Minbatch, batch size: 256, elapsed: 0.0004782676696777344
Minbatch, batch size: 256, elapsed: 0.0004782676696777344
Minbatch, batch size: 256, elapsed: 0.0004734992980957031
Minbatch, batch size: 256, elapsed: 0.00047206878662109375
Minbatch, batch size: 256, elapsed: 0.0004909038543701172
Minbatch, batch size: 256, elapsed: 0.0004730224609375
Minbatch, batch size: 256, elapsed: 0.0004467964172363281
Minbatch, batch size: 256, elapsed: 0.0004699230194091797
Minbatch, batch size: 256, elapsed: 0.0004956722259521484
Minbatch, batch size: 256, elapsed: 0.00047707557678222656
Minbatch, batch size: 256, elapsed: 0.0004818439483642578
Minbatch, batch size: 256, elapsed: 0.0004718303680419922
Minbatch, batch size: 256, elapsed: 0.0004935264587402344
Minbatch, batch size: 256, elapsed: 0.0004858970642089844
Minbatch, batch size: 256, elapsed: 0.0004811286926269531
Minbatch, batch size: 256, elapsed: 0.0004754066467285156
Minbatch, batch size: 256, elapsed: 0.0004782676696777344
Minbatch, batch size: 256, elapsed: 0.0004761219024658203
Minbatch, batch size: 256, elapsed: 0.0005018711090087891
Minbatch, batch size: 256, elapsed: 0.00047707557678222656
Minbatch, batch size: 256, elapsed: 0.0004749298095703125
Minbatch, batch size: 256, elapsed: 0.00047278404235839844
Minbatch, batch size: 256, elapsed: 0.0005004405975341797
Minbatch, batch size: 256, elapsed: 0.0004754066467285156
Minbatch, batch size: 256, elapsed: 0.0004792213439941406
Minbatch, batch size: 256, elapsed: 0.00047779083251953125
Minbatch, batch size: 256, elapsed: 0.0005140304565429688
Minbatch, batch size: 256, elapsed: 0.0004744529724121094
Minbatch, batch size: 256, elapsed: 0.0004780292510986328
Minbatch, batch size: 256, elapsed: 0.0004725456237792969
Minbatch, batch size: 256, elapsed: 0.0004935264587402344
Minbatch, batch size: 256, elapsed: 0.0004668235778808594
Minbatch, batch size: 256, elapsed: 0.0005037784576416016
Minbatch, batch size: 256, elapsed: 0.00047850608825683594
Minbatch, batch size: 256, elapsed: 0.0004811286926269531
Minbatch, batch size: 256, elapsed: 0.0004711151123046875
Minbatch, batch size: 256, elapsed: 0.0004749298095703125
cluster all the nodes, cost 7.8159050941467285 s
Dataset: Yelp
Evaluated users: 30431
@1: Precision=0.167034, Recall=0.167034, MRR=0.167034, MAP=0.167034, NDCG=0.167034
@5: Precision=0.091919, Recall=0.459597, MRR=0.269669, MAP=0.269669, NDCG=0.316667
@10: Precision=0.063501, Recall=0.635010, MRR=0.293045, MAP=0.293045, NDCG=0.373358
@20: Precision=0.040630, Recall=0.812592, MRR=0.305386, MAP=0.305386, NDCG=0.418278
@100: Precision=0.010000, Recall=1.000000, MRR=0.311416, MAP=0.311416, NDCG=0.455435
Saved to: /u/hchen42/EAGER/results/eager_Yelp_20260212_090621
Completed: Yelp
================================================
All remaining datasets finished at: Thu Feb 12 09:09:52 CST 2026
================================================
