=====================================================
Conda-Forge PyTorch 2.8 Environment Loaded Successfully!
=====================================================

To activate the environment:
  conda activate base

If 'conda activate' fails, use:
  source $CONDA_PREFIX/etc/profile.d/conda.sh && conda activate base

To verify PyTorch installation:
  python -c "import torch; print(f'PyTorch {torch.__version__} CUDA:
{torch.cuda.is_available()}')"

Environment includes:
  - PyTorch 2.8 with CUDA 12.8 support
  - Scientific Python stack (numpy, scipy, pandas)
  - ML libraries (transformers, lightning, timm)
  - Cray PE integration with optimized MPI

For Jupyter notebook support:
  setup-kernel (creates Jupyter kernel for this environment)

For distributed training, load:
  module load aws-ofi-nccl/1.14.2

Ready for single-node and distributed training!
=====================================================

Traceback (most recent call last):
  File "/u/hchen42/IDGenRec/src/main_generative.py", line 12, in <module>
    from runner.SingleRunner import SingleRunner
  File "/u/hchen42/IDGenRec/src/runner/SingleRunner.py", line 2, in <module>
    from transformers import AdamW, get_linear_schedule_with_warmup
ImportError: cannot import name 'AdamW' from 'transformers' (/sw/rh9.4/user/python/conda-env/pytorch-2.8-cu128/lib/python3.11/site-packages/transformers/__init__.py)
